<?xml version="1.0" encoding="UTF-8"?>
<!-- Generated by org.testng.reporters.JUnitReportReporter -->
<testsuite hostname="SwamiNaidu" failures="0" tests="1" name="scripts.PhpTravels_SignUpPage_Test" time="6.422" errors="0" timestamp="2023-02-05T17:33:26 IST" skipped="0">
  <testcase classname="scripts.PhpTravels_SignUpPage_Test" name="verifySignUpPage" time="6.422"/>
  <system-out/>
</testsuite> <!-- scripts.PhpTravels_SignUpPage_Test -->
