<?xml version="1.0" encoding="UTF-8"?>
<!-- Generated by org.testng.reporters.JUnitReportReporter -->
<testsuite hostname="SwamiNaidu" failures="0" tests="1" name="scripts.NewTest" time="1.401" errors="0" timestamp="2023-02-02T15:21:24 IST" skipped="0">
  <testcase classname="scripts.NewTest" name="verifyDemoPageFields" time="1.401"/>
  <system-out/>
</testsuite> <!-- scripts.NewTest -->
