<?xml version="1.0" encoding="UTF-8"?>
<!-- Generated by org.testng.reporters.JUnitReportReporter -->
<testsuite hostname="SwamiNaidu" failures="0" tests="7" name="scripts.PhpTravels_HomePage" time="6.143" errors="0" timestamp="2023-01-31T15:17:10 IST" skipped="0">
  <testcase classname="scripts.PhpTravels_HomePage" name="verifyHomePage" time="0.569"/>
  <system-out/>
  <testcase classname="scripts.PhpTravels_HomePage" name="verifyFeaturesDropdown" time="0.709"/>
  <system-out/>
  <testcase classname="scripts.PhpTravels_HomePage" name="verifyIntegrationsDropdown" time="0.519"/>
  <system-out/>
  <testcase classname="scripts.PhpTravels_HomePage" name="verifyHotelsIntegrations" time="0.837"/>
  <system-out/>
  <testcase classname="scripts.PhpTravels_HomePage" name="verifyFlightsIntegrations" time="1.033"/>
  <system-out/>
  <testcase classname="scripts.PhpTravels_HomePage" name="verifyToursIntegrations" time="0.610"/>
  <system-out/>
  <testcase classname="scripts.PhpTravels_HomePage" name="verifyPricingPage" time="1.866"/>
  <system-out/>
</testsuite> <!-- scripts.PhpTravels_HomePage -->
